0 silly argv {
0 silly argv   _: [ 'publish' ],
0 silly argv   composed: 'publish',
0 silly argv   lernaVersion: '6.0.1',
0 silly argv   '$0': 'lerna'
0 silly argv }
1 notice cli v6.0.1
2 verbose rootPath /Users/lixiaodong/Documents/我的项目/顺丰组件库/sf-tech-components
3 verbose session 5322664c5ca3192a
4 verbose user-agent lerna/6.0.1/node@v16.18.0+x64 (darwin)
5 silly argv { _: [ 'publish' ], composed: 'publish', lernaVersion: '6.0.1' }
6 verbose rootPath /Users/lixiaodong/Documents/我的项目/顺丰组件库/sf-tech-components
7 info current version 0.0.3
8 silly isAnythingCommitted
9 verbose isAnythingCommitted 1
10 silly getCurrentBranch
11 verbose currentBranch master
12 silly remoteBranchExists
13 silly isBehindUpstream
14 silly isBehindUpstream master is behind origin/master by 0 commit(s) and ahead by 0
15 silly hasTags
16 verbose hasTags true
17 silly git-describe.sync "v0.0.3-2-g12f07ed" => {"lastTagName":"v0.0.3","lastVersion":"v0.0.3","refCount":"2","sha":"12f07ed","isDirty":false}
18 info Looking for changed packages since v0.0.3
19 silly checking diff packages/sf-tech-components
20 silly found diff in packages/sf-tech-components/lib/DynamicSlicer/api/bi-saas.js
21 verbose filtered diff [ 'packages/sf-tech-components/lib/DynamicSlicer/api/bi-saas.js' ]
22 verbose updated sf-tech-components
23 verbose git-describe undefined => "v0.0.3-2-g12f07ed"
24 silly git-describe parsed => {"lastTagName":"v0.0.3","lastVersion":"v0.0.3","refCount":"2","sha":"12f07ed","isDirty":false}
25 info execute Skipping releases
26 silly lifecycle No script for "preversion" in "components", continuing
27 silly lifecycle No script for "preversion" in "sf-tech-components", continuing
28 verbose version sf-tech-components has no lockfile. Skipping lockfile update.
29 silly lifecycle No script for "version" in "sf-tech-components", continuing
30 verbose version Updating root package-lock.json
31 silly lifecycle No script for "version" in "components", continuing
32 silly version Successfully applied prettier to updated file: packages/sf-tech-components/package.json
33 silly version Successfully applied prettier to updated file: lerna.json
34 silly version Successfully applied prettier to updated file: package-lock.json
35 silly gitAdd [
35 silly gitAdd   'packages/sf-tech-components/package.json',
35 silly gitAdd   'lerna.json',
35 silly gitAdd   'package-lock.json'
35 silly gitAdd ]
36 silly gitCommit v0.0.4
37 verbose git [ 'commit', '-m', 'v0.0.4' ]
38 silly gitTag v0.0.4
39 verbose git [ 'tag', 'v0.0.4', '-m', 'v0.0.4' ]
40 silly lifecycle No script for "postversion" in "sf-tech-components", continuing
41 silly lifecycle No script for "postversion" in "components", continuing
42 info git Pushing tags...
43 silly gitPush origin master
44 info publish Publishing packages to npm...
45 warn ENOLICENSE Package sf-tech-components is missing a license.
45 warn ENOLICENSE One way to fix this is to add a LICENSE.md file to the root of this repository.
45 warn ENOLICENSE See https://choosealicense.com for additional guidance.
46 silly getCurrentSHA
47 verbose getCurrentSHA 4486794de16f64728e128e1478ec1331acd775c4
48 silly lifecycle No script for "prepublish" in "components", continuing
49 silly lifecycle No script for "prepare" in "components", continuing
50 silly lifecycle No script for "prepublishOnly" in "components", continuing
51 silly lifecycle No script for "prepack" in "components", continuing
52 verbose pack-directory packages/sf-tech-components
53 silly lifecycle No script for "prepublish" in "sf-tech-components", continuing
54 silly lifecycle No script for "prepare" in "sf-tech-components", continuing
55 silly lifecycle No script for "prepublishOnly" in "sf-tech-components", continuing
56 silly lifecycle No script for "prepack" in "sf-tech-components", continuing
57 silly lifecycle No script for "postpack" in "sf-tech-components", continuing
58 verbose packed packages/sf-tech-components
59 silly lifecycle No script for "postpack" in "components", continuing
60 verbose publish sf-tech-components
61 silly FetchError: request to https://registry.npmjs.org/sf-tech-components failed, reason: connect ETIMEDOUT 104.16.16.35:443
61 silly     at ClientRequest.<anonymous> (/Users/lixiaodong/Documents/我的项目/顺丰组件库/sf-tech-components/node_modules/minipass-fetch/lib/index.js:130:14)
61 silly     at ClientRequest.emit (node:events:513:28)
61 silly     at TLSSocket.socketErrorListener (node:_http_client:494:9)
61 silly     at TLSSocket.emit (node:events:525:35)
61 silly     at emitErrorNT (node:internal/streams/destroy:157:8)
61 silly     at emitErrorCloseNT (node:internal/streams/destroy:122:3)
61 silly     at processTicksAndRejections (node:internal/process/task_queues:83:21)
61 silly  FetchError: request to https://registry.npmjs.org/sf-tech-components failed, reason: connect ETIMEDOUT 104.16.16.35:443
61 silly     at ClientRequest.<anonymous> (/Users/lixiaodong/Documents/我的项目/顺丰组件库/sf-tech-components/node_modules/minipass-fetch/lib/index.js:130:14)
61 silly     at ClientRequest.emit (node:events:513:28)
61 silly     at TLSSocket.socketErrorListener (node:_http_client:494:9)
61 silly     at TLSSocket.emit (node:events:525:35)
61 silly     at emitErrorNT (node:internal/streams/destroy:157:8)
61 silly     at emitErrorCloseNT (node:internal/streams/destroy:122:3)
61 silly     at processTicksAndRejections (node:internal/process/task_queues:83:21) {
61 silly   code: 'ETIMEDOUT',
61 silly   errno: 'ETIMEDOUT',
61 silly   syscall: 'connect',
61 silly   address: '104.16.16.35',
61 silly   port: 443,
61 silly   type: 'system'
61 silly }
62 error ETIMEDOUT request to https://registry.npmjs.org/sf-tech-components failed, reason: connect ETIMEDOUT 104.16.16.35:443
63 error FetchError: request to https://registry.npmjs.org/sf-tech-components failed, reason: connect ETIMEDOUT 104.16.16.35:443
63 error     at ClientRequest.<anonymous> (/Users/lixiaodong/Documents/我的项目/顺丰组件库/sf-tech-components/node_modules/minipass-fetch/lib/index.js:130:14)
63 error     at ClientRequest.emit (node:events:513:28)
63 error     at TLSSocket.socketErrorListener (node:_http_client:494:9)
63 error     at TLSSocket.emit (node:events:525:35)
63 error     at emitErrorNT (node:internal/streams/destroy:157:8)
63 error     at emitErrorCloseNT (node:internal/streams/destroy:122:3)
